<?xml version="1.0" encoding="UTF-8"?>
<testsuite xmlns:xsi="http://www.w3.org/2001/XMLSchema-instance" xsi:noNamespaceSchemaLocation="https://maven.apache.org/surefire/maven-surefire-plugin/xsd/surefire-test-report.xsd" version="3.0.2" name="com.sunrise.airlines.controller.AirlineControllerTest" time="4.49" tests="3" errors="0" skipped="0" failures="0">
  <properties>
[...]
</properties>
  <testcase name="getPassengerShouldReturnPassengerDetails" classname="com.sunrise.airlines.controller.AirlineControllerTest" time="0.27">
    <system-out><![CDATA[13:24:58.948 [main] INFO org.springframework.test.context.support.AnnotationConfigContextLoaderUtils -- Could not detect default configuration classes for test class [com.sunrise.airlines.controller.AirlineControllerTest]: AirlineControllerTest does not declare any static, non-private, non-final, nested classes annotated with @Configuration.
13:24:59.268 [main] INFO org.springframework.boot.test.context.SpringBootTestContextBootstrapper -- Found @SpringBootConfiguration com.sunrise.airlines.AirlineApiApplication for test class com.sunrise.airlines.controller.AirlineControllerTest

  .   ____          _            __ _ _
 /\\ / ___'_ __ _ _(_)_ __  __ _ \ \ \ \
( ( )\___ | '_ | '_| | '_ \/ _` | \ \ \ \
 \\/  ___)| |_)| | | | | || (_| |  ) ) ) )
  '  |____| .__|_| |_|_| |_\__, | / / / /
 =========|_|==============|___/=/_/_/_/

 :: Spring Boot ::                (v3.5.0)

2026-07-27T13:25:00.229-04:00  INFO 2308 --- [           main] c.s.a.controller.AirlineControllerTest   : Starting AirlineControllerTest using Java 25.0.2 with PID 2308 (started by Ruchit Chudasama in C:\Users\Ruchit Chudasama\Desktop\Sunrise-Airlines---Airline-Management-System-main\backend)
2026-07-27T13:25:00.231-04:00  INFO 2308 --- [           main] c.s.a.controller.AirlineControllerTest   : No active profile set, falling back to 1 default profile: "default"
2026-07-27T13:25:02.756-04:00  INFO 2308 --- [           main] o.s.b.t.m.w.SpringBootMockServletContext : Initializing Spring TestDispatcherServlet ''
2026-07-27T13:25:02.756-04:00  INFO 2308 --- [           main] o.s.t.web.servlet.TestDispatcherServlet  : Initializing Servlet ''
2026-07-27T13:25:02.759-04:00  INFO 2308 --- [           main] o.s.t.web.servlet.TestDispatcherServlet  : Completed initialization in 1 ms
2026-07-27T13:25:02.792-04:00  INFO 2308 --- [           main] c.s.a.controller.AirlineControllerTest   : Started AirlineControllerTest in 3.374 seconds (process running for 5.432)
]]></system-out>
    <system-err><![CDATA[Mockito is currently self-attaching to enable the inline-mock-maker. This will no longer work in future releases of the JDK. Please add Mockito as an agent to your build as described in Mockito's documentation: https://javadoc.io/doc/org.mockito/mockito-core/latest/org.mockito/org/mockito/Mockito.html#0.3
WARNING: A Java agent has been loaded dynamically (C:\Users\Ruchit Chudasama\.m2\repository\net\bytebuddy\byte-buddy-agent\1.17.5\byte-buddy-agent-1.17.5.jar)
WARNING: If a serviceability tool is in use, please run with -XX:+EnableDynamicAgentLoading to hide this warning
WARNING: If a serviceability tool is not in use, please run with -Djdk.instrument.traceUsage for more information
WARNING: Dynamic loading of agents will be disallowed by default in a future release
]]></system-err>
  </testcase>
  <testcase name="createFlightShouldReturnCreatedFlight" classname="com.sunrise.airlines.controller.AirlineControllerTest" time="0.077"/>
  <testcase name="getBookingsShouldReturnBookings" classname="com.sunrise.airlines.controller.AirlineControllerTest" time="0.013"/>
</testsuite>